gcc main.c axpby.c -o axpby -fopenmp -lm
Using 2400MB of memory


Initialization


axpby sequential
Data: 1600 MB
Time: 0.610276 sec
Throughput: 2.62 GB/s


axpby OpenMP
Data: 1600 MB
Time: 0.077339 sec
Throughput: 20.69 GB/s


axpby OpenMP no for
Thread 6/8 [75000000,87500000]
Thread 3/8 [37500000,50000000]
Thread 2/8 [25000000,37500000]
Thread 0/8 [0,12500000]
Thread 1/8 [12500000,25000000]
Thread 4/8 [50000000,62500000]
Thread 7/8 [87500000,100000000]
Thread 5/8 [62500000,75000000]
Data: 1600 MB
Time: 0.096535 sec
Throughput: 16.57 GB/s
