gcc main.c axpby.c -o axpby -fopenmp -lm
Using 2400MB of memory


Initialization


axpby sequential
Data: 1600 MB
Time: 0.608046 sec
Throughput: 2.63 GB/s


axpby OpenMP
Data: 1600 MB
Time: 0.038933 sec
Throughput: 41.10 GB/s


axpby OpenMP no for
Thread 6/16 [37500000,43750000]
Thread 3/16 [18750000,25000000]
Thread 14/16 [87500000,93750000]
Thread 7/16 [43750000,50000000]
Thread 0/16 [0,6250000]
Thread 4/16 [25000000,31250000]
Thread 12/16 [75000000,81250000]
Thread 15/16 [93750000,100000000]
Thread 8/16 [50000000,56250000]
Thread 13/16 [81250000,87500000]
Thread 5/16 [31250000,37500000]
Thread 1/16 [6250000,12500000]
Thread 9/16 [56250000,62500000]
Thread 10/16 [62500000,68750000]
Thread 11/16 [68750000,75000000]
Thread 2/16 [12500000,18750000]
Data: 1600 MB
Time: 0.048264 sec
Throughput: 33.15 GB/s
